<?xml version="1.0" encoding="UTF-8"?>
<!-- Generated by org.testng.reporters.JUnitReportReporter -->
<testsuite skipped="0" hostname="XKL-0526" name="com.mercury.demo.pages.ParallelRun" tests="2" failures="0" timestamp="13 Nov 2019 04:50:06 GMT" time="110.579" errors="0">
  <testcase name="test1" time="55.314" classname="com.mercury.demo.pages.ParallelRun"/>
  <testcase name="test2" time="55.265" classname="com.mercury.demo.pages.ParallelRun"/>
</testsuite> <!-- com.mercury.demo.pages.ParallelRun -->
