<?xml version="1.0" encoding="UTF-8"?>
<!-- Generated by org.testng.reporters.JUnitReportReporter -->
<testsuite skipped="0" hostname="XKL-0526" name="com.mercury.demo.regression.RunTest" tests="1" failures="0" timestamp="13 Nov 2019 04:35:09 GMT" time="30.343" errors="0">
  <testcase name="pageLogin" time="30.343" classname="com.mercury.demo.regression.RunTest"/>
</testsuite> <!-- com.mercury.demo.regression.RunTest -->
